<?xml version="1.0" encoding="UTF-8"?>
<robot generator="Robot 3.2.1 (Python 3.7.6 on darwin)" generated="20200827 17:09:53.603" rpa="false">
<suite id="s1" name="TestsBook" source="/Users/nradhakrishnan/RobotWorkspace/demo_BookDetailView/TestsBook">
<suite id="s1-s1" name="TestCases" source="/Users/nradhakrishnan/RobotWorkspace/demo_BookDetailView/TestsBook/TestCases.robot">
<kw name="Launch Browser" library="instructions" type="setup">
<kw name="Open Browser" library="SeleniumLibrary">
<doc>Opens a new browser instance to the optional ``url``.</doc>
<arguments>
<arg>about:blank</arg>
<arg>${BROWSER}</arg>
</arguments>
<msg timestamp="20200827 17:09:53.804" level="INFO">Opening browser 'gc' to base url 'about:blank'.</msg>
<status status="PASS" starttime="20200827 17:09:53.804" endtime="20200827 17:09:56.947"></status>
</kw>
<kw name="Maximize Browser Window" library="SeleniumLibrary">
<doc>Maximizes current browser window.</doc>
<status status="PASS" starttime="20200827 17:09:56.948" endtime="20200827 17:09:57.165"></status>
</kw>
<status status="PASS" starttime="20200827 17:09:53.804" endtime="20200827 17:09:57.165"></status>
</kw>
<test id="s1-s1-t1" name="User should be able to Land on Book details Page">
<kw name="Given User is allowed to Open India Bookstore" library="instructions">
<kw name="Go To" library="SeleniumLibrary">
<doc>Navigates the current browser window to the provided ``url``.</doc>
<arguments>
<arg>${url_books}</arg>
</arguments>
<msg timestamp="20200827 17:09:57.167" level="INFO">Opening url 'https://www.indiabookstore.net/'</msg>
<status status="PASS" starttime="20200827 17:09:57.167" endtime="20200827 17:09:59.217"></status>
</kw>
<kw name="Verify WebPage title" library="instructions">
<arguments>
<arg>${Expected_homePage}</arg>
</arguments>
<kw name="Wait Until Page Contains" library="SeleniumLibrary">
<doc>Waits until ``text`` appears on the current page.</doc>
<arguments>
<arg>${title_name}</arg>
</arguments>
<status status="PASS" starttime="20200827 17:09:59.217" endtime="20200827 17:09:59.233"></status>
</kw>
<kw name="Log To Console" library="BuiltIn">
<doc>Logs the given message to the console.</doc>
<arguments>
<arg>${title_name}</arg>
</arguments>
<status status="PASS" starttime="20200827 17:09:59.233" endtime="20200827 17:09:59.234"></status>
</kw>
<status status="PASS" starttime="20200827 17:09:59.217" endtime="20200827 17:09:59.234"></status>
</kw>
<kw name="Execute Javascript" library="SeleniumLibrary">
<doc>Executes the given JavaScript code with possible arguments.</doc>
<arguments>
<arg>window.scrollTo(0, 500)</arg>
</arguments>
<msg timestamp="20200827 17:09:59.234" level="INFO">Executing JavaScript:
window.scrollTo(0, 500)
Without any arguments.</msg>
<status status="PASS" starttime="20200827 17:09:59.234" endtime="20200827 17:09:59.239"></status>
</kw>
<status status="PASS" starttime="20200827 17:09:57.166" endtime="20200827 17:09:59.239"></status>
</kw>
<kw name="When User Navigate to Category &quot;Computing and Internet&quot;" library="instructions">
<kw name="Get Element Count" library="SeleniumLibrary">
<doc>Returns the number of elements matching ``locator``.</doc>
<arguments>
<arg>xpath=//*[@id="leftNavContainer"]/ul/li</arg>
</arguments>
<assign>
<var>${category_count}</var>
</assign>
<msg timestamp="20200827 17:09:59.251" level="INFO">${category_count} = 21</msg>
<status status="PASS" starttime="20200827 17:09:59.240" endtime="20200827 17:09:59.251"></status>
</kw>
<kw name="Sleep" library="BuiltIn">
<doc>Pauses the test executed for the given time.</doc>
<arguments>
<arg>3s</arg>
</arguments>
<msg timestamp="20200827 17:10:02.252" level="INFO">Slept 3 seconds</msg>
<status status="PASS" starttime="20200827 17:09:59.251" endtime="20200827 17:10:02.253"></status>
</kw>
<kw name="${i} IN RANGE [ 1 | ${category_count} ]" type="for">
<kw name="${i} = 1" type="foritem">
<kw name="Get Text" library="SeleniumLibrary">
<doc>Returns the text value of the element identified by ``locator``.</doc>
<arguments>
<arg>xpath=//*[@id="leftNavContainer"]/ul/li[${i}]/a</arg>
</arguments>
<assign>
<var>${dynamic_categ_name}</var>
</assign>
<msg timestamp="20200827 17:10:02.288" level="INFO">${dynamic_categ_name} = Academic</msg>
<status status="PASS" starttime="20200827 17:10:02.253" endtime="20200827 17:10:02.288"></status>
</kw>
<kw name="Scroll Element Into View" library="SeleniumLibrary">
<doc>Scrolls the element identified by ``locator`` into view.</doc>
<arguments>
<arg>xpath=//*[@id="leftNavContainer"]/ul/li[${i}]/a</arg>
</arguments>
<status status="PASS" starttime="20200827 17:10:02.288" endtime="20200827 17:10:02.558"></status>
</kw>
<kw name="Exit For Loop If" library="BuiltIn">
<doc>Stops executing the enclosing for loop if the ``condition`` is true.</doc>
<arguments>
<arg>"${dynamic_categ_name}" == "${Expected_category}"</arg>
</arguments>
<status status="PASS" starttime="20200827 17:10:02.559" endtime="20200827 17:10:02.560"></status>
</kw>
<status status="PASS" starttime="20200827 17:10:02.253" endtime="20200827 17:10:02.560"></status>
</kw>
<kw name="${i} = 2" type="foritem">
<kw name="Get Text" library="SeleniumLibrary">
<doc>Returns the text value of the element identified by ``locator``.</doc>
<arguments>
<arg>xpath=//*[@id="leftNavContainer"]/ul/li[${i}]/a</arg>
</arguments>
<assign>
<var>${dynamic_categ_name}</var>
</assign>
<msg timestamp="20200827 17:10:02.584" level="INFO">${dynamic_categ_name} = Action &amp; Adventure</msg>
<status status="PASS" starttime="20200827 17:10:02.560" endtime="20200827 17:10:02.584"></status>
</kw>
<kw name="Scroll Element Into View" library="SeleniumLibrary">
<doc>Scrolls the element identified by ``locator`` into view.</doc>
<arguments>
<arg>xpath=//*[@id="leftNavContainer"]/ul/li[${i}]/a</arg>
</arguments>
<status status="PASS" starttime="20200827 17:10:02.584" endtime="20200827 17:10:02.850"></status>
</kw>
<kw name="Exit For Loop If" library="BuiltIn">
<doc>Stops executing the enclosing for loop if the ``condition`` is true.</doc>
<arguments>
<arg>"${dynamic_categ_name}" == "${Expected_category}"</arg>
</arguments>
<status status="PASS" starttime="20200827 17:10:02.850" endtime="20200827 17:10:02.850"></status>
</kw>
<status status="PASS" starttime="20200827 17:10:02.560" endtime="20200827 17:10:02.850"></status>
</kw>
<kw name="${i} = 3" type="foritem">
<kw name="Get Text" library="SeleniumLibrary">
<doc>Returns the text value of the element identified by ``locator``.</doc>
<arguments>
<arg>xpath=//*[@id="leftNavContainer"]/ul/li[${i}]/a</arg>
</arguments>
<assign>
<var>${dynamic_categ_name}</var>
</assign>
<msg timestamp="20200827 17:10:02.877" level="INFO">${dynamic_categ_name} = Biographies &amp; True Accounts</msg>
<status status="PASS" starttime="20200827 17:10:02.851" endtime="20200827 17:10:02.877"></status>
</kw>
<kw name="Scroll Element Into View" library="SeleniumLibrary">
<doc>Scrolls the element identified by ``locator`` into view.</doc>
<arguments>
<arg>xpath=//*[@id="leftNavContainer"]/ul/li[${i}]/a</arg>
</arguments>
<status status="PASS" starttime="20200827 17:10:02.877" endtime="20200827 17:10:03.144"></status>
</kw>
<kw name="Exit For Loop If" library="BuiltIn">
<doc>Stops executing the enclosing for loop if the ``condition`` is true.</doc>
<arguments>
<arg>"${dynamic_categ_name}" == "${Expected_category}"</arg>
</arguments>
<status status="PASS" starttime="20200827 17:10:03.144" endtime="20200827 17:10:03.145"></status>
</kw>
<status status="PASS" starttime="20200827 17:10:02.850" endtime="20200827 17:10:03.145"></status>
</kw>
<kw name="${i} = 4" type="foritem">
<kw name="Get Text" library="SeleniumLibrary">
<doc>Returns the text value of the element identified by ``locator``.</doc>
<arguments>
<arg>xpath=//*[@id="leftNavContainer"]/ul/li[${i}]/a</arg>
</arguments>
<assign>
<var>${dynamic_categ_name}</var>
</assign>
<msg timestamp="20200827 17:10:03.169" level="INFO">${dynamic_categ_name} = Business, Investing and Management</msg>
<status status="PASS" starttime="20200827 17:10:03.145" endtime="20200827 17:10:03.169"></status>
</kw>
<kw name="Scroll Element Into View" library="SeleniumLibrary">
<doc>Scrolls the element identified by ``locator`` into view.</doc>
<arguments>
<arg>xpath=//*[@id="leftNavContainer"]/ul/li[${i}]/a</arg>
</arguments>
<status status="PASS" starttime="20200827 17:10:03.169" endtime="20200827 17:10:03.437"></status>
</kw>
<kw name="Exit For Loop If" library="BuiltIn">
<doc>Stops executing the enclosing for loop if the ``condition`` is true.</doc>
<arguments>
<arg>"${dynamic_categ_name}" == "${Expected_category}"</arg>
</arguments>
<status status="PASS" starttime="20200827 17:10:03.437" endtime="20200827 17:10:03.437"></status>
</kw>
<status status="PASS" starttime="20200827 17:10:03.145" endtime="20200827 17:10:03.437"></status>
</kw>
<kw name="${i} = 5" type="foritem">
<kw name="Get Text" library="SeleniumLibrary">
<doc>Returns the text value of the element identified by ``locator``.</doc>
<arguments>
<arg>xpath=//*[@id="leftNavContainer"]/ul/li[${i}]/a</arg>
</arguments>
<assign>
<var>${dynamic_categ_name}</var>
</assign>
<msg timestamp="20200827 17:10:03.462" level="INFO">${dynamic_categ_name} = Children's Books</msg>
<status status="PASS" starttime="20200827 17:10:03.438" endtime="20200827 17:10:03.462"></status>
</kw>
<kw name="Scroll Element Into View" library="SeleniumLibrary">
<doc>Scrolls the element identified by ``locator`` into view.</doc>
<arguments>
<arg>xpath=//*[@id="leftNavContainer"]/ul/li[${i}]/a</arg>
</arguments>
<status status="PASS" starttime="20200827 17:10:03.462" endtime="20200827 17:10:03.731"></status>
</kw>
<kw name="Exit For Loop If" library="BuiltIn">
<doc>Stops executing the enclosing for loop if the ``condition`` is true.</doc>
<arguments>
<arg>"${dynamic_categ_name}" == "${Expected_category}"</arg>
</arguments>
<status status="PASS" starttime="20200827 17:10:03.731" endtime="20200827 17:10:03.732"></status>
</kw>
<status status="PASS" starttime="20200827 17:10:03.438" endtime="20200827 17:10:03.732"></status>
</kw>
<kw name="${i} = 6" type="foritem">
<kw name="Get Text" library="SeleniumLibrary">
<doc>Returns the text value of the element identified by ``locator``.</doc>
<arguments>
<arg>xpath=//*[@id="leftNavContainer"]/ul/li[${i}]/a</arg>
</arguments>
<assign>
<var>${dynamic_categ_name}</var>
</assign>
<msg timestamp="20200827 17:10:03.755" level="INFO">${dynamic_categ_name} = Comics &amp; Manga</msg>
<status status="PASS" starttime="20200827 17:10:03.733" endtime="20200827 17:10:03.755"></status>
</kw>
<kw name="Scroll Element Into View" library="SeleniumLibrary">
<doc>Scrolls the element identified by ``locator`` into view.</doc>
<arguments>
<arg>xpath=//*[@id="leftNavContainer"]/ul/li[${i}]/a</arg>
</arguments>
<status status="PASS" starttime="20200827 17:10:03.755" endtime="20200827 17:10:04.024"></status>
</kw>
<kw name="Exit For Loop If" library="BuiltIn">
<doc>Stops executing the enclosing for loop if the ``condition`` is true.</doc>
<arguments>
<arg>"${dynamic_categ_name}" == "${Expected_category}"</arg>
</arguments>
<status status="PASS" starttime="20200827 17:10:04.024" endtime="20200827 17:10:04.024"></status>
</kw>
<status status="PASS" starttime="20200827 17:10:03.732" endtime="20200827 17:10:04.024"></status>
</kw>
<kw name="${i} = 7" type="foritem">
<kw name="Get Text" library="SeleniumLibrary">
<doc>Returns the text value of the element identified by ``locator``.</doc>
<arguments>
<arg>xpath=//*[@id="leftNavContainer"]/ul/li[${i}]/a</arg>
</arguments>
<assign>
<var>${dynamic_categ_name}</var>
</assign>
<msg timestamp="20200827 17:10:04.046" level="INFO">${dynamic_categ_name} = Computing &amp; Internet</msg>
<status status="PASS" starttime="20200827 17:10:04.024" endtime="20200827 17:10:04.046"></status>
</kw>
<kw name="Scroll Element Into View" library="SeleniumLibrary">
<doc>Scrolls the element identified by ``locator`` into view.</doc>
<arguments>
<arg>xpath=//*[@id="leftNavContainer"]/ul/li[${i}]/a</arg>
</arguments>
<status status="PASS" starttime="20200827 17:10:04.046" endtime="20200827 17:10:04.314"></status>
</kw>
<kw name="Exit For Loop If" library="BuiltIn">
<doc>Stops executing the enclosing for loop if the ``condition`` is true.</doc>
<arguments>
<arg>"${dynamic_categ_name}" == "${Expected_category}"</arg>
</arguments>
<msg timestamp="20200827 17:10:04.315" level="INFO">Exiting for loop altogether.</msg>
<status status="PASS" starttime="20200827 17:10:04.314" endtime="20200827 17:10:04.315"></status>
</kw>
<status status="PASS" starttime="20200827 17:10:04.024" endtime="20200827 17:10:04.315"></status>
</kw>
<status status="PASS" starttime="20200827 17:10:02.253" endtime="20200827 17:10:04.315"></status>
</kw>
<kw name="Set Test Variable" library="BuiltIn">
<doc>Makes a variable available everywhere within the scope of the current test.</doc>
<arguments>
<arg>${static_categ_name}</arg>
<arg>xpath=//*[@id="leftNavContainer"]/ul/li[${i}]/a</arg>
</arguments>
<msg timestamp="20200827 17:10:04.316" level="INFO">${static_categ_name} = xpath=//*[@id="leftNavContainer"]/ul/li[7]/a</msg>
<status status="PASS" starttime="20200827 17:10:04.315" endtime="20200827 17:10:04.316"></status>
</kw>
<status status="PASS" starttime="20200827 17:09:59.240" endtime="20200827 17:10:04.316"></status>
</kw>
<kw name="And User Clicks on &quot;Digital Media and Internet&quot; Sub Section" library="instructions">
<kw name="Mouse Over" library="SeleniumLibrary">
<doc>Simulates hovering the mouse over the element ``locator``.</doc>
<arguments>
<arg>${static_categ_name}</arg>
</arguments>
<msg timestamp="20200827 17:10:04.317" level="INFO">Simulating Mouse Over on element 'xpath=//*[@id="leftNavContainer"]/ul/li[7]/a'.</msg>
<status status="PASS" starttime="20200827 17:10:04.317" endtime="20200827 17:10:04.582"></status>
</kw>
<kw name="Sleep" library="BuiltIn">
<doc>Pauses the test executed for the given time.</doc>
<arguments>
<arg>1s</arg>
</arguments>
<msg timestamp="20200827 17:10:05.583" level="INFO">Slept 1 second</msg>
<status status="PASS" starttime="20200827 17:10:04.582" endtime="20200827 17:10:05.583"></status>
</kw>
<kw name="Mouse Over" library="SeleniumLibrary">
<doc>Simulates hovering the mouse over the element ``locator``.</doc>
<arguments>
<arg>${Digital_Media}</arg>
</arguments>
<msg timestamp="20200827 17:10:05.584" level="INFO">Simulating Mouse Over on element 'xpath=//*[@id="leftNavContainer"]/ul/li[7]/ul/li[2]'.</msg>
<status status="PASS" starttime="20200827 17:10:05.584" endtime="20200827 17:10:05.856"></status>
</kw>
<kw name="Sleep" library="BuiltIn">
<doc>Pauses the test executed for the given time.</doc>
<arguments>
<arg>3s</arg>
</arguments>
<msg timestamp="20200827 17:10:08.857" level="INFO">Slept 3 seconds</msg>
<status status="PASS" starttime="20200827 17:10:05.856" endtime="20200827 17:10:08.857"></status>
</kw>
<kw name="Verify WebPage title" library="instructions">
<arguments>
<arg>Digital Media and Internet</arg>
</arguments>
<kw name="Wait Until Page Contains" library="SeleniumLibrary">
<doc>Waits until ``text`` appears on the current page.</doc>
<arguments>
<arg>${title_name}</arg>
</arguments>
<status status="PASS" starttime="20200827 17:10:08.858" endtime="20200827 17:10:08.870"></status>
</kw>
<kw name="Log To Console" library="BuiltIn">
<doc>Logs the given message to the console.</doc>
<arguments>
<arg>${title_name}</arg>
</arguments>
<status status="PASS" starttime="20200827 17:10:08.870" endtime="20200827 17:10:08.871"></status>
</kw>
<status status="PASS" starttime="20200827 17:10:08.857" endtime="20200827 17:10:08.871"></status>
</kw>
<kw name="Click Element" library="SeleniumLibrary">
<doc>Click the element identified by ``locator``.</doc>
<arguments>
<arg>${Digital_Media}</arg>
</arguments>
<msg timestamp="20200827 17:10:08.871" level="INFO">Clicking element 'xpath=//*[@id="leftNavContainer"]/ul/li[7]/ul/li[2]'.</msg>
<status status="PASS" starttime="20200827 17:10:08.871" endtime="20200827 17:10:09.261"></status>
</kw>
<kw name="Sleep" library="BuiltIn">
<doc>Pauses the test executed for the given time.</doc>
<arguments>
<arg>1s</arg>
</arguments>
<msg timestamp="20200827 17:10:10.263" level="INFO">Slept 1 second</msg>
<status status="PASS" starttime="20200827 17:10:09.261" endtime="20200827 17:10:10.264"></status>
</kw>
<kw name="Verify WebPage title" library="instructions">
<arguments>
<arg>${Expected_Book_Category}</arg>
</arguments>
<kw name="Wait Until Page Contains" library="SeleniumLibrary">
<doc>Waits until ``text`` appears on the current page.</doc>
<arguments>
<arg>${title_name}</arg>
</arguments>
<status status="PASS" starttime="20200827 17:10:10.265" endtime="20200827 17:10:10.275"></status>
</kw>
<kw name="Log To Console" library="BuiltIn">
<doc>Logs the given message to the console.</doc>
<arguments>
<arg>${title_name}</arg>
</arguments>
<status status="PASS" starttime="20200827 17:10:10.275" endtime="20200827 17:10:10.276"></status>
</kw>
<status status="PASS" starttime="20200827 17:10:10.264" endtime="20200827 17:10:10.276"></status>
</kw>
<status status="PASS" starttime="20200827 17:10:04.317" endtime="20200827 17:10:10.276"></status>
</kw>
<kw name="Then User adds the book 'Art of Community' to the Bookkart" library="instructions">
<kw name="Get Element Count" library="SeleniumLibrary">
<doc>Returns the number of elements matching ``locator``.</doc>
<arguments>
<arg>xpath=//div[@class='col-md-9']/div</arg>
</arguments>
<assign>
<var>${buk_list}</var>
</assign>
<msg timestamp="20200827 17:10:10.292" level="INFO">${buk_list} = 51</msg>
<status status="PASS" starttime="20200827 17:10:10.277" endtime="20200827 17:10:10.292"></status>
</kw>
<kw name="${j} IN RANGE [ 2 | ${buk_list} ]" type="for">
<kw name="${j} = 2" type="foritem">
<kw name="Get Text" library="SeleniumLibrary">
<doc>Returns the text value of the element identified by ``locator``.</doc>
<arguments>
<arg>xpath=//div[@class='col-md-9']/div[${j}]/a/div[3]</arg>
</arguments>
<assign>
<var>${buk_names}</var>
</assign>
<msg timestamp="20200827 17:10:10.313" level="INFO">${buk_names} = Scott Kelby's digital photogra...</msg>
<status status="PASS" starttime="20200827 17:10:10.292" endtime="20200827 17:10:10.313"></status>
</kw>
<kw name="Exit For Loop If" library="BuiltIn">
<doc>Stops executing the enclosing for loop if the ``condition`` is true.</doc>
<arguments>
<arg>"${buk_names}" == "${Expected_Book_Name}"</arg>
</arguments>
<status status="PASS" starttime="20200827 17:10:10.313" endtime="20200827 17:10:10.313"></status>
</kw>
<status status="PASS" starttime="20200827 17:10:10.292" endtime="20200827 17:10:10.313"></status>
</kw>
<kw name="${j} = 3" type="foritem">
<kw name="Get Text" library="SeleniumLibrary">
<doc>Returns the text value of the element identified by ``locator``.</doc>
<arguments>
<arg>xpath=//div[@class='col-md-9']/div[${j}]/a/div[3]</arg>
</arguments>
<assign>
<var>${buk_names}</var>
</assign>
<msg timestamp="20200827 17:10:10.331" level="INFO">${buk_names} = Googled: The End of the World ...</msg>
<status status="PASS" starttime="20200827 17:10:10.313" endtime="20200827 17:10:10.331"></status>
</kw>
<kw name="Exit For Loop If" library="BuiltIn">
<doc>Stops executing the enclosing for loop if the ``condition`` is true.</doc>
<arguments>
<arg>"${buk_names}" == "${Expected_Book_Name}"</arg>
</arguments>
<status status="PASS" starttime="20200827 17:10:10.331" endtime="20200827 17:10:10.332"></status>
</kw>
<status status="PASS" starttime="20200827 17:10:10.313" endtime="20200827 17:10:10.332"></status>
</kw>
<kw name="${j} = 4" type="foritem">
<kw name="Get Text" library="SeleniumLibrary">
<doc>Returns the text value of the element identified by ``locator``.</doc>
<arguments>
<arg>xpath=//div[@class='col-md-9']/div[${j}]/a/div[3]</arg>
</arguments>
<assign>
<var>${buk_names}</var>
</assign>
<msg timestamp="20200827 17:10:10.351" level="INFO">${buk_names} = DESIGNING WITH WEB STANDARDS 2...</msg>
<status status="PASS" starttime="20200827 17:10:10.332" endtime="20200827 17:10:10.351"></status>
</kw>
<kw name="Exit For Loop If" library="BuiltIn">
<doc>Stops executing the enclosing for loop if the ``condition`` is true.</doc>
<arguments>
<arg>"${buk_names}" == "${Expected_Book_Name}"</arg>
</arguments>
<status status="PASS" starttime="20200827 17:10:10.351" endtime="20200827 17:10:10.351"></status>
</kw>
<status status="PASS" starttime="20200827 17:10:10.332" endtime="20200827 17:10:10.351"></status>
</kw>
<kw name="${j} = 5" type="foritem">
<kw name="Get Text" library="SeleniumLibrary">
<doc>Returns the text value of the element identified by ``locator``.</doc>
<arguments>
<arg>xpath=//div[@class='col-md-9']/div[${j}]/a/div[3]</arg>
</arguments>
<assign>
<var>${buk_names}</var>
</assign>
<msg timestamp="20200827 17:10:10.369" level="INFO">${buk_names} = The future just happened</msg>
<status status="PASS" starttime="20200827 17:10:10.351" endtime="20200827 17:10:10.369"></status>
</kw>
<kw name="Exit For Loop If" library="BuiltIn">
<doc>Stops executing the enclosing for loop if the ``condition`` is true.</doc>
<arguments>
<arg>"${buk_names}" == "${Expected_Book_Name}"</arg>
</arguments>
<status status="PASS" starttime="20200827 17:10:10.369" endtime="20200827 17:10:10.370"></status>
</kw>
<status status="PASS" starttime="20200827 17:10:10.351" endtime="20200827 17:10:10.370"></status>
</kw>
<kw name="${j} = 6" type="foritem">
<kw name="Get Text" library="SeleniumLibrary">
<doc>Returns the text value of the element identified by ``locator``.</doc>
<arguments>
<arg>xpath=//div[@class='col-md-9']/div[${j}]/a/div[3]</arg>
</arguments>
<assign>
<var>${buk_names}</var>
</assign>
<msg timestamp="20200827 17:10:10.387" level="INFO">${buk_names} = I Hate the Internet: A Useful ...</msg>
<status status="PASS" starttime="20200827 17:10:10.370" endtime="20200827 17:10:10.387"></status>
</kw>
<kw name="Exit For Loop If" library="BuiltIn">
<doc>Stops executing the enclosing for loop if the ``condition`` is true.</doc>
<arguments>
<arg>"${buk_names}" == "${Expected_Book_Name}"</arg>
</arguments>
<status status="PASS" starttime="20200827 17:10:10.387" endtime="20200827 17:10:10.388"></status>
</kw>
<status status="PASS" starttime="20200827 17:10:10.370" endtime="20200827 17:10:10.388"></status>
</kw>
<kw name="${j} = 7" type="foritem">
<kw name="Get Text" library="SeleniumLibrary">
<doc>Returns the text value of the element identified by ``locator``.</doc>
<arguments>
<arg>xpath=//div[@class='col-md-9']/div[${j}]/a/div[3]</arg>
</arguments>
<assign>
<var>${buk_names}</var>
</assign>
<msg timestamp="20200827 17:10:10.406" level="INFO">${buk_names} = Java The Complete Reference, 8...</msg>
<status status="PASS" starttime="20200827 17:10:10.388" endtime="20200827 17:10:10.406"></status>
</kw>
<kw name="Exit For Loop If" library="BuiltIn">
<doc>Stops executing the enclosing for loop if the ``condition`` is true.</doc>
<arguments>
<arg>"${buk_names}" == "${Expected_Book_Name}"</arg>
</arguments>
<status status="PASS" starttime="20200827 17:10:10.406" endtime="20200827 17:10:10.407"></status>
</kw>
<status status="PASS" starttime="20200827 17:10:10.388" endtime="20200827 17:10:10.407"></status>
</kw>
<kw name="${j} = 8" type="foritem">
<kw name="Get Text" library="SeleniumLibrary">
<doc>Returns the text value of the element identified by ``locator``.</doc>
<arguments>
<arg>xpath=//div[@class='col-md-9']/div[${j}]/a/div[3]</arg>
</arguments>
<assign>
<var>${buk_names}</var>
</assign>
<msg timestamp="20200827 17:10:10.424" level="INFO">${buk_names} = HTML, XHTML, and CSS, Sixth Ed...</msg>
<status status="PASS" starttime="20200827 17:10:10.407" endtime="20200827 17:10:10.424"></status>
</kw>
<kw name="Exit For Loop If" library="BuiltIn">
<doc>Stops executing the enclosing for loop if the ``condition`` is true.</doc>
<arguments>
<arg>"${buk_names}" == "${Expected_Book_Name}"</arg>
</arguments>
<status status="PASS" starttime="20200827 17:10:10.425" endtime="20200827 17:10:10.425"></status>
</kw>
<status status="PASS" starttime="20200827 17:10:10.407" endtime="20200827 17:10:10.425"></status>
</kw>
<kw name="${j} = 9" type="foritem">
<kw name="Get Text" library="SeleniumLibrary">
<doc>Returns the text value of the element identified by ``locator``.</doc>
<arguments>
<arg>xpath=//div[@class='col-md-9']/div[${j}]/a/div[3]</arg>
</arguments>
<assign>
<var>${buk_names}</var>
</assign>
<msg timestamp="20200827 17:10:10.442" level="INFO">${buk_names} = Hacking Exposed: Network Secur...</msg>
<status status="PASS" starttime="20200827 17:10:10.425" endtime="20200827 17:10:10.443"></status>
</kw>
<kw name="Exit For Loop If" library="BuiltIn">
<doc>Stops executing the enclosing for loop if the ``condition`` is true.</doc>
<arguments>
<arg>"${buk_names}" == "${Expected_Book_Name}"</arg>
</arguments>
<status status="PASS" starttime="20200827 17:10:10.443" endtime="20200827 17:10:10.443"></status>
</kw>
<status status="PASS" starttime="20200827 17:10:10.425" endtime="20200827 17:10:10.443"></status>
</kw>
<kw name="${j} = 10" type="foritem">
<kw name="Get Text" library="SeleniumLibrary">
<doc>Returns the text value of the element identified by ``locator``.</doc>
<arguments>
<arg>xpath=//div[@class='col-md-9']/div[${j}]/a/div[3]</arg>
</arguments>
<assign>
<var>${buk_names}</var>
</assign>
<msg timestamp="20200827 17:10:10.462" level="INFO">${buk_names} = Automation, Production Systems...</msg>
<status status="PASS" starttime="20200827 17:10:10.443" endtime="20200827 17:10:10.462"></status>
</kw>
<kw name="Exit For Loop If" library="BuiltIn">
<doc>Stops executing the enclosing for loop if the ``condition`` is true.</doc>
<arguments>
<arg>"${buk_names}" == "${Expected_Book_Name}"</arg>
</arguments>
<status status="PASS" starttime="20200827 17:10:10.463" endtime="20200827 17:10:10.463"></status>
</kw>
<status status="PASS" starttime="20200827 17:10:10.443" endtime="20200827 17:10:10.463"></status>
</kw>
<kw name="${j} = 11" type="foritem">
<kw name="Get Text" library="SeleniumLibrary">
<doc>Returns the text value of the element identified by ``locator``.</doc>
<arguments>
<arg>xpath=//div[@class='col-md-9']/div[${j}]/a/div[3]</arg>
</arguments>
<assign>
<var>${buk_names}</var>
</assign>
<msg timestamp="20200827 17:10:10.481" level="INFO">${buk_names} = Ophelia Joined the Group Maide...</msg>
<status status="PASS" starttime="20200827 17:10:10.463" endtime="20200827 17:10:10.481"></status>
</kw>
<kw name="Exit For Loop If" library="BuiltIn">
<doc>Stops executing the enclosing for loop if the ``condition`` is true.</doc>
<arguments>
<arg>"${buk_names}" == "${Expected_Book_Name}"</arg>
</arguments>
<status status="PASS" starttime="20200827 17:10:10.481" endtime="20200827 17:10:10.481"></status>
</kw>
<status status="PASS" starttime="20200827 17:10:10.463" endtime="20200827 17:10:10.481"></status>
</kw>
<kw name="${j} = 12" type="foritem">
<kw name="Get Text" library="SeleniumLibrary">
<doc>Returns the text value of the element identified by ``locator``.</doc>
<arguments>
<arg>xpath=//div[@class='col-md-9']/div[${j}]/a/div[3]</arg>
</arguments>
<assign>
<var>${buk_names}</var>
</assign>
<msg timestamp="20200827 17:10:10.504" level="INFO">${buk_names} = Advanced Web Metrics with Goog...</msg>
<status status="PASS" starttime="20200827 17:10:10.481" endtime="20200827 17:10:10.504"></status>
</kw>
<kw name="Exit For Loop If" library="BuiltIn">
<doc>Stops executing the enclosing for loop if the ``condition`` is true.</doc>
<arguments>
<arg>"${buk_names}" == "${Expected_Book_Name}"</arg>
</arguments>
<status status="PASS" starttime="20200827 17:10:10.504" endtime="20200827 17:10:10.505"></status>
</kw>
<status status="PASS" starttime="20200827 17:10:10.481" endtime="20200827 17:10:10.505"></status>
</kw>
<kw name="${j} = 13" type="foritem">
<kw name="Get Text" library="SeleniumLibrary">
<doc>Returns the text value of the element identified by ``locator``.</doc>
<arguments>
<arg>xpath=//div[@class='col-md-9']/div[${j}]/a/div[3]</arg>
</arguments>
<assign>
<var>${buk_names}</var>
</assign>
<msg timestamp="20200827 17:10:10.524" level="INFO">${buk_names} = Blogging for Bliss: Crafting Y...</msg>
<status status="PASS" starttime="20200827 17:10:10.505" endtime="20200827 17:10:10.524"></status>
</kw>
<kw name="Exit For Loop If" library="BuiltIn">
<doc>Stops executing the enclosing for loop if the ``condition`` is true.</doc>
<arguments>
<arg>"${buk_names}" == "${Expected_Book_Name}"</arg>
</arguments>
<status status="PASS" starttime="20200827 17:10:10.524" endtime="20200827 17:10:10.524"></status>
</kw>
<status status="PASS" starttime="20200827 17:10:10.505" endtime="20200827 17:10:10.524"></status>
</kw>
<kw name="${j} = 14" type="foritem">
<kw name="Get Text" library="SeleniumLibrary">
<doc>Returns the text value of the element identified by ``locator``.</doc>
<arguments>
<arg>xpath=//div[@class='col-md-9']/div[${j}]/a/div[3]</arg>
</arguments>
<assign>
<var>${buk_names}</var>
</assign>
<msg timestamp="20200827 17:10:10.542" level="INFO">${buk_names} = Python Pocket Reference, 2nd E...</msg>
<status status="PASS" starttime="20200827 17:10:10.524" endtime="20200827 17:10:10.542"></status>
</kw>
<kw name="Exit For Loop If" library="BuiltIn">
<doc>Stops executing the enclosing for loop if the ``condition`` is true.</doc>
<arguments>
<arg>"${buk_names}" == "${Expected_Book_Name}"</arg>
</arguments>
<status status="PASS" starttime="20200827 17:10:10.542" endtime="20200827 17:10:10.542"></status>
</kw>
<status status="PASS" starttime="20200827 17:10:10.524" endtime="20200827 17:10:10.542"></status>
</kw>
<kw name="${j} = 15" type="foritem">
<kw name="Get Text" library="SeleniumLibrary">
<doc>Returns the text value of the element identified by ``locator``.</doc>
<arguments>
<arg>xpath=//div[@class='col-md-9']/div[${j}]/a/div[3]</arg>
</arguments>
<assign>
<var>${buk_names}</var>
</assign>
<msg timestamp="20200827 17:10:10.560" level="INFO">${buk_names} = We Are Not Alone: The Writer's...</msg>
<status status="PASS" starttime="20200827 17:10:10.542" endtime="20200827 17:10:10.560"></status>
</kw>
<kw name="Exit For Loop If" library="BuiltIn">
<doc>Stops executing the enclosing for loop if the ``condition`` is true.</doc>
<arguments>
<arg>"${buk_names}" == "${Expected_Book_Name}"</arg>
</arguments>
<status status="PASS" starttime="20200827 17:10:10.560" endtime="20200827 17:10:10.561"></status>
</kw>
<status status="PASS" starttime="20200827 17:10:10.542" endtime="20200827 17:10:10.561"></status>
</kw>
<kw name="${j} = 16" type="foritem">
<kw name="Get Text" library="SeleniumLibrary">
<doc>Returns the text value of the element identified by ``locator``.</doc>
<arguments>
<arg>xpath=//div[@class='col-md-9']/div[${j}]/a/div[3]</arg>
</arguments>
<assign>
<var>${buk_names}</var>
</assign>
<msg timestamp="20200827 17:10:10.580" level="INFO">${buk_names} = Digital Photography for Dummie...</msg>
<status status="PASS" starttime="20200827 17:10:10.561" endtime="20200827 17:10:10.580"></status>
</kw>
<kw name="Exit For Loop If" library="BuiltIn">
<doc>Stops executing the enclosing for loop if the ``condition`` is true.</doc>
<arguments>
<arg>"${buk_names}" == "${Expected_Book_Name}"</arg>
</arguments>
<status status="PASS" starttime="20200827 17:10:10.580" endtime="20200827 17:10:10.580"></status>
</kw>
<status status="PASS" starttime="20200827 17:10:10.561" endtime="20200827 17:10:10.580"></status>
</kw>
<kw name="${j} = 17" type="foritem">
<kw name="Get Text" library="SeleniumLibrary">
<doc>Returns the text value of the element identified by ``locator``.</doc>
<arguments>
<arg>xpath=//div[@class='col-md-9']/div[${j}]/a/div[3]</arg>
</arguments>
<assign>
<var>${buk_names}</var>
</assign>
<msg timestamp="20200827 17:10:10.598" level="INFO">${buk_names} = Building Scalable Web Sites</msg>
<status status="PASS" starttime="20200827 17:10:10.580" endtime="20200827 17:10:10.598"></status>
</kw>
<kw name="Exit For Loop If" library="BuiltIn">
<doc>Stops executing the enclosing for loop if the ``condition`` is true.</doc>
<arguments>
<arg>"${buk_names}" == "${Expected_Book_Name}"</arg>
</arguments>
<status status="PASS" starttime="20200827 17:10:10.598" endtime="20200827 17:10:10.598"></status>
</kw>
<status status="PASS" starttime="20200827 17:10:10.580" endtime="20200827 17:10:10.598"></status>
</kw>
<kw name="${j} = 18" type="foritem">
<kw name="Get Text" library="SeleniumLibrary">
<doc>Returns the text value of the element identified by ``locator``.</doc>
<arguments>
<arg>xpath=//div[@class='col-md-9']/div[${j}]/a/div[3]</arg>
</arguments>
<assign>
<var>${buk_names}</var>
</assign>
<msg timestamp="20200827 17:10:10.616" level="INFO">${buk_names} = The Google Way - How One Compa...</msg>
<status status="PASS" starttime="20200827 17:10:10.599" endtime="20200827 17:10:10.616"></status>
</kw>
<kw name="Exit For Loop If" library="BuiltIn">
<doc>Stops executing the enclosing for loop if the ``condition`` is true.</doc>
<arguments>
<arg>"${buk_names}" == "${Expected_Book_Name}"</arg>
</arguments>
<status status="PASS" starttime="20200827 17:10:10.616" endtime="20200827 17:10:10.617"></status>
</kw>
<status status="PASS" starttime="20200827 17:10:10.598" endtime="20200827 17:10:10.617"></status>
</kw>
<kw name="${j} = 19" type="foritem">
<kw name="Get Text" library="SeleniumLibrary">
<doc>Returns the text value of the element identified by ``locator``.</doc>
<arguments>
<arg>xpath=//div[@class='col-md-9']/div[${j}]/a/div[3]</arg>
</arguments>
<assign>
<var>${buk_names}</var>
</assign>
<msg timestamp="20200827 17:10:10.634" level="INFO">${buk_names} = Storytelling for User Experien...</msg>
<status status="PASS" starttime="20200827 17:10:10.617" endtime="20200827 17:10:10.634"></status>
</kw>
<kw name="Exit For Loop If" library="BuiltIn">
<doc>Stops executing the enclosing for loop if the ``condition`` is true.</doc>
<arguments>
<arg>"${buk_names}" == "${Expected_Book_Name}"</arg>
</arguments>
<status status="PASS" starttime="20200827 17:10:10.634" endtime="20200827 17:10:10.635"></status>
</kw>
<status status="PASS" starttime="20200827 17:10:10.617" endtime="20200827 17:10:10.635"></status>
</kw>
<kw name="${j} = 20" type="foritem">
<kw name="Get Text" library="SeleniumLibrary">
<doc>Returns the text value of the element identified by ``locator``.</doc>
<arguments>
<arg>xpath=//div[@class='col-md-9']/div[${j}]/a/div[3]</arg>
</arguments>
<assign>
<var>${buk_names}</var>
</assign>
<msg timestamp="20200827 17:10:10.653" level="INFO">${buk_names} = Web Operations: Keeping the Da...</msg>
<status status="PASS" starttime="20200827 17:10:10.635" endtime="20200827 17:10:10.653"></status>
</kw>
<kw name="Exit For Loop If" library="BuiltIn">
<doc>Stops executing the enclosing for loop if the ``condition`` is true.</doc>
<arguments>
<arg>"${buk_names}" == "${Expected_Book_Name}"</arg>
</arguments>
<status status="PASS" starttime="20200827 17:10:10.653" endtime="20200827 17:10:10.654"></status>
</kw>
<status status="PASS" starttime="20200827 17:10:10.635" endtime="20200827 17:10:10.654"></status>
</kw>
<kw name="${j} = 21" type="foritem">
<kw name="Get Text" library="SeleniumLibrary">
<doc>Returns the text value of the element identified by ``locator``.</doc>
<arguments>
<arg>xpath=//div[@class='col-md-9']/div[${j}]/a/div[3]</arg>
</arguments>
<assign>
<var>${buk_names}</var>
</assign>
<msg timestamp="20200827 17:10:10.671" level="INFO">${buk_names} = The Revolution Will Not Be Tel...</msg>
<status status="PASS" starttime="20200827 17:10:10.654" endtime="20200827 17:10:10.672"></status>
</kw>
<kw name="Exit For Loop If" library="BuiltIn">
<doc>Stops executing the enclosing for loop if the ``condition`` is true.</doc>
<arguments>
<arg>"${buk_names}" == "${Expected_Book_Name}"</arg>
</arguments>
<status status="PASS" starttime="20200827 17:10:10.672" endtime="20200827 17:10:10.672"></status>
</kw>
<status status="PASS" starttime="20200827 17:10:10.654" endtime="20200827 17:10:10.672"></status>
</kw>
<kw name="${j} = 22" type="foritem">
<kw name="Get Text" library="SeleniumLibrary">
<doc>Returns the text value of the element identified by ``locator``.</doc>
<arguments>
<arg>xpath=//div[@class='col-md-9']/div[${j}]/a/div[3]</arg>
</arguments>
<assign>
<var>${buk_names}</var>
</assign>
<msg timestamp="20200827 17:10:10.691" level="INFO">${buk_names} = The Rails Way: Driving Rails i...</msg>
<status status="PASS" starttime="20200827 17:10:10.672" endtime="20200827 17:10:10.691"></status>
</kw>
<kw name="Exit For Loop If" library="BuiltIn">
<doc>Stops executing the enclosing for loop if the ``condition`` is true.</doc>
<arguments>
<arg>"${buk_names}" == "${Expected_Book_Name}"</arg>
</arguments>
<status status="PASS" starttime="20200827 17:10:10.691" endtime="20200827 17:10:10.692"></status>
</kw>
<status status="PASS" starttime="20200827 17:10:10.672" endtime="20200827 17:10:10.692"></status>
</kw>
<kw name="${j} = 23" type="foritem">
<kw name="Get Text" library="SeleniumLibrary">
<doc>Returns the text value of the element identified by ``locator``.</doc>
<arguments>
<arg>xpath=//div[@class='col-md-9']/div[${j}]/a/div[3]</arg>
</arguments>
<assign>
<var>${buk_names}</var>
</assign>
<msg timestamp="20200827 17:10:10.710" level="INFO">${buk_names} = The revolution will not be tel...</msg>
<status status="PASS" starttime="20200827 17:10:10.692" endtime="20200827 17:10:10.710"></status>
</kw>
<kw name="Exit For Loop If" library="BuiltIn">
<doc>Stops executing the enclosing for loop if the ``condition`` is true.</doc>
<arguments>
<arg>"${buk_names}" == "${Expected_Book_Name}"</arg>
</arguments>
<status status="PASS" starttime="20200827 17:10:10.711" endtime="20200827 17:10:10.711"></status>
</kw>
<status status="PASS" starttime="20200827 17:10:10.692" endtime="20200827 17:10:10.711"></status>
</kw>
<kw name="${j} = 24" type="foritem">
<kw name="Get Text" library="SeleniumLibrary">
<doc>Returns the text value of the element identified by ``locator``.</doc>
<arguments>
<arg>xpath=//div[@class='col-md-9']/div[${j}]/a/div[3]</arg>
</arguments>
<assign>
<var>${buk_names}</var>
</assign>
<msg timestamp="20200827 17:10:10.729" level="INFO">${buk_names} = The Digital Divide: Arguments ...</msg>
<status status="PASS" starttime="20200827 17:10:10.711" endtime="20200827 17:10:10.729"></status>
</kw>
<kw name="Exit For Loop If" library="BuiltIn">
<doc>Stops executing the enclosing for loop if the ``condition`` is true.</doc>
<arguments>
<arg>"${buk_names}" == "${Expected_Book_Name}"</arg>
</arguments>
<status status="PASS" starttime="20200827 17:10:10.729" endtime="20200827 17:10:10.729"></status>
</kw>
<status status="PASS" starttime="20200827 17:10:10.711" endtime="20200827 17:10:10.729"></status>
</kw>
<kw name="${j} = 25" type="foritem">
<kw name="Get Text" library="SeleniumLibrary">
<doc>Returns the text value of the element identified by ``locator``.</doc>
<arguments>
<arg>xpath=//div[@class='col-md-9']/div[${j}]/a/div[3]</arg>
</arguments>
<assign>
<var>${buk_names}</var>
</assign>
<msg timestamp="20200827 17:10:10.747" level="INFO">${buk_names} = Google / Google: Guia De Bolsi...</msg>
<status status="PASS" starttime="20200827 17:10:10.729" endtime="20200827 17:10:10.747"></status>
</kw>
<kw name="Exit For Loop If" library="BuiltIn">
<doc>Stops executing the enclosing for loop if the ``condition`` is true.</doc>
<arguments>
<arg>"${buk_names}" == "${Expected_Book_Name}"</arg>
</arguments>
<status status="PASS" starttime="20200827 17:10:10.747" endtime="20200827 17:10:10.748"></status>
</kw>
<status status="PASS" starttime="20200827 17:10:10.729" endtime="20200827 17:10:10.748"></status>
</kw>
<kw name="${j} = 26" type="foritem">
<kw name="Get Text" library="SeleniumLibrary">
<doc>Returns the text value of the element identified by ``locator``.</doc>
<arguments>
<arg>xpath=//div[@class='col-md-9']/div[${j}]/a/div[3]</arg>
</arguments>
<assign>
<var>${buk_names}</var>
</assign>
<msg timestamp="20200827 17:10:10.767" level="INFO">${buk_names} = Against the Machine: Being Hum...</msg>
<status status="PASS" starttime="20200827 17:10:10.748" endtime="20200827 17:10:10.767"></status>
</kw>
<kw name="Exit For Loop If" library="BuiltIn">
<doc>Stops executing the enclosing for loop if the ``condition`` is true.</doc>
<arguments>
<arg>"${buk_names}" == "${Expected_Book_Name}"</arg>
</arguments>
<status status="PASS" starttime="20200827 17:10:10.767" endtime="20200827 17:10:10.767"></status>
</kw>
<status status="PASS" starttime="20200827 17:10:10.748" endtime="20200827 17:10:10.767"></status>
</kw>
<kw name="${j} = 27" type="foritem">
<kw name="Get Text" library="SeleniumLibrary">
<doc>Returns the text value of the element identified by ``locator``.</doc>
<arguments>
<arg>xpath=//div[@class='col-md-9']/div[${j}]/a/div[3]</arg>
</arguments>
<assign>
<var>${buk_names}</var>
</assign>
<msg timestamp="20200827 17:10:10.786" level="INFO">${buk_names} = Using Drupal (English)</msg>
<status status="PASS" starttime="20200827 17:10:10.767" endtime="20200827 17:10:10.786"></status>
</kw>
<kw name="Exit For Loop If" library="BuiltIn">
<doc>Stops executing the enclosing for loop if the ``condition`` is true.</doc>
<arguments>
<arg>"${buk_names}" == "${Expected_Book_Name}"</arg>
</arguments>
<status status="PASS" starttime="20200827 17:10:10.786" endtime="20200827 17:10:10.787"></status>
</kw>
<status status="PASS" starttime="20200827 17:10:10.767" endtime="20200827 17:10:10.787"></status>
</kw>
<kw name="${j} = 28" type="foritem">
<kw name="Get Text" library="SeleniumLibrary">
<doc>Returns the text value of the element identified by ``locator``.</doc>
<arguments>
<arg>xpath=//div[@class='col-md-9']/div[${j}]/a/div[3]</arg>
</arguments>
<assign>
<var>${buk_names}</var>
</assign>
<msg timestamp="20200827 17:10:10.805" level="INFO">${buk_names} = The CSS Anthology: 101 Essenti...</msg>
<status status="PASS" starttime="20200827 17:10:10.787" endtime="20200827 17:10:10.805"></status>
</kw>
<kw name="Exit For Loop If" library="BuiltIn">
<doc>Stops executing the enclosing for loop if the ``condition`` is true.</doc>
<arguments>
<arg>"${buk_names}" == "${Expected_Book_Name}"</arg>
</arguments>
<status status="PASS" starttime="20200827 17:10:10.805" endtime="20200827 17:10:10.806"></status>
</kw>
<status status="PASS" starttime="20200827 17:10:10.787" endtime="20200827 17:10:10.806"></status>
</kw>
<kw name="${j} = 29" type="foritem">
<kw name="Get Text" library="SeleniumLibrary">
<doc>Returns the text value of the element identified by ``locator``.</doc>
<arguments>
<arg>xpath=//div[@class='col-md-9']/div[${j}]/a/div[3]</arg>
</arguments>
<assign>
<var>${buk_names}</var>
</assign>
<msg timestamp="20200827 17:10:10.825" level="INFO">${buk_names} = How to Find Out Anything: From...</msg>
<status status="PASS" starttime="20200827 17:10:10.806" endtime="20200827 17:10:10.825"></status>
</kw>
<kw name="Exit For Loop If" library="BuiltIn">
<doc>Stops executing the enclosing for loop if the ``condition`` is true.</doc>
<arguments>
<arg>"${buk_names}" == "${Expected_Book_Name}"</arg>
</arguments>
<status status="PASS" starttime="20200827 17:10:10.825" endtime="20200827 17:10:10.825"></status>
</kw>
<status status="PASS" starttime="20200827 17:10:10.806" endtime="20200827 17:10:10.825"></status>
</kw>
<kw name="${j} = 30" type="foritem">
<kw name="Get Text" library="SeleniumLibrary">
<doc>Returns the text value of the element identified by ``locator``.</doc>
<arguments>
<arg>xpath=//div[@class='col-md-9']/div[${j}]/a/div[3]</arg>
</arguments>
<assign>
<var>${buk_names}</var>
</assign>
<msg timestamp="20200827 17:10:10.843" level="INFO">${buk_names} = The Yahoo! Style Guide: The Ul...</msg>
<status status="PASS" starttime="20200827 17:10:10.826" endtime="20200827 17:10:10.843"></status>
</kw>
<kw name="Exit For Loop If" library="BuiltIn">
<doc>Stops executing the enclosing for loop if the ``condition`` is true.</doc>
<arguments>
<arg>"${buk_names}" == "${Expected_Book_Name}"</arg>
</arguments>
<status status="PASS" starttime="20200827 17:10:10.843" endtime="20200827 17:10:10.844"></status>
</kw>
<status status="PASS" starttime="20200827 17:10:10.825" endtime="20200827 17:10:10.844"></status>
</kw>
<kw name="${j} = 31" type="foritem">
<kw name="Get Text" library="SeleniumLibrary">
<doc>Returns the text value of the element identified by ``locator``.</doc>
<arguments>
<arg>xpath=//div[@class='col-md-9']/div[${j}]/a/div[3]</arg>
</arguments>
<assign>
<var>${buk_names}</var>
</assign>
<msg timestamp="20200827 17:10:10.863" level="INFO">${buk_names} = RESTful Web Services Cookbook:...</msg>
<status status="PASS" starttime="20200827 17:10:10.844" endtime="20200827 17:10:10.863"></status>
</kw>
<kw name="Exit For Loop If" library="BuiltIn">
<doc>Stops executing the enclosing for loop if the ``condition`` is true.</doc>
<arguments>
<arg>"${buk_names}" == "${Expected_Book_Name}"</arg>
</arguments>
<msg timestamp="20200827 17:10:10.864" level="INFO">Exiting for loop altogether.</msg>
<status status="PASS" starttime="20200827 17:10:10.863" endtime="20200827 17:10:10.864"></status>
</kw>
<status status="PASS" starttime="20200827 17:10:10.844" endtime="20200827 17:10:10.864"></status>
</kw>
<status status="PASS" starttime="20200827 17:10:10.292" endtime="20200827 17:10:10.864"></status>
</kw>
<kw name="Set Test Variable" library="BuiltIn">
<doc>Makes a variable available everywhere within the scope of the current test.</doc>
<arguments>
<arg>${exact_buk_elem}</arg>
<arg>xpath=//div[@class='col-md-9']/div[${j}]/a/div[3]</arg>
</arguments>
<msg timestamp="20200827 17:10:10.865" level="INFO">${exact_buk_elem} = xpath=//div[@class='col-md-9']/div[31]/a/div[3]</msg>
<status status="PASS" starttime="20200827 17:10:10.864" endtime="20200827 17:10:10.865"></status>
</kw>
<status status="PASS" starttime="20200827 17:10:10.276" endtime="20200827 17:10:10.865"></status>
</kw>
<kw name="And User navigatess to the Expected Book details page" library="instructions">
<kw name="Sleep" library="BuiltIn">
<doc>Pauses the test executed for the given time.</doc>
<arguments>
<arg>5s</arg>
</arguments>
<msg timestamp="20200827 17:10:15.866" level="INFO">Slept 5 seconds</msg>
<status status="PASS" starttime="20200827 17:10:10.865" endtime="20200827 17:10:15.866"></status>
</kw>
<kw name="Click Element" library="SeleniumLibrary">
<doc>Click the element identified by ``locator``.</doc>
<arguments>
<arg>${exact_buk_elem}</arg>
</arguments>
<msg timestamp="20200827 17:10:15.867" level="INFO">Clicking element 'xpath=//div[@class='col-md-9']/div[31]/a/div[3]'.</msg>
<status status="PASS" starttime="20200827 17:10:15.866" endtime="20200827 17:10:27.532"></status>
</kw>
<status status="PASS" starttime="20200827 17:10:10.865" endtime="20200827 17:10:27.532"></status>
</kw>
<kw name="And Verify User able to see the expected book details" library="instructions">
<kw name="Verify WebPage title" library="instructions">
<arguments>
<arg>${Expected_Book_Detailed_Name}</arg>
</arguments>
<kw name="Wait Until Page Contains" library="SeleniumLibrary">
<doc>Waits until ``text`` appears on the current page.</doc>
<arguments>
<arg>${title_name}</arg>
</arguments>
<status status="PASS" starttime="20200827 17:10:27.534" endtime="20200827 17:10:27.556"></status>
</kw>
<kw name="Log To Console" library="BuiltIn">
<doc>Logs the given message to the console.</doc>
<arguments>
<arg>${title_name}</arg>
</arguments>
<status status="PASS" starttime="20200827 17:10:27.557" endtime="20200827 17:10:27.558"></status>
</kw>
<status status="PASS" starttime="20200827 17:10:27.533" endtime="20200827 17:10:27.558"></status>
</kw>
<status status="PASS" starttime="20200827 17:10:27.533" endtime="20200827 17:10:27.558"></status>
</kw>
<tags>
<tag>sanity</tag>
</tags>
<status status="PASS" starttime="20200827 17:09:57.165" endtime="20200827 17:10:27.559" critical="yes"></status>
</test>
<kw name="Close web Browser" library="instructions" type="teardown">
<kw name="Close Browser" library="SeleniumLibrary">
<doc>Closes the current browser.</doc>
<status status="PASS" starttime="20200827 17:10:27.564" endtime="20200827 17:10:27.701"></status>
</kw>
<status status="PASS" starttime="20200827 17:10:27.563" endtime="20200827 17:10:27.701"></status>
</kw>
<status status="PASS" starttime="20200827 17:09:53.627" endtime="20200827 17:10:27.701"></status>
</suite>
<status status="PASS" starttime="20200827 17:09:53.605" endtime="20200827 17:10:27.704"></status>
</suite>
<statistics>
<total>
<stat pass="1" fail="0">Critical Tests</stat>
<stat pass="1" fail="0">All Tests</stat>
</total>
<tag>
<stat pass="1" fail="0">sanity</stat>
</tag>
<suite>
<stat pass="1" fail="0" id="s1" name="TestsBook">TestsBook</stat>
<stat pass="1" fail="0" id="s1-s1" name="TestCases">TestsBook.TestCases</stat>
</suite>
</statistics>
<errors>
</errors>
</robot>
