<?xml version="1.0" encoding="UTF-8"?>
<robot generator="Robot 3.2.1 (Python 3.7.6 on darwin)" generated="20200827 11:26:54.236" rpa="false">
<suite id="s1" name="TestsBook" source="/Users/nradhakrishnan/RobotWorkspace/demo_BookDetailView/TestsBook">
<suite id="s1-s1" name="TestCases" source="/Users/nradhakrishnan/RobotWorkspace/demo_BookDetailView/TestsBook/TestCases.robot">
<kw name="Launch Browser" library="instructions" type="setup">
<kw name="Open Browser" library="SeleniumLibrary">
<doc>Opens a new browser instance to the optional ``url``.</doc>
<arguments>
<arg>about:blank</arg>
<arg>${BROWSER}</arg>
</arguments>
<msg timestamp="20200827 11:26:54.429" level="INFO">Opening browser 'gc' to base url 'about:blank'.</msg>
<status status="PASS" starttime="20200827 11:26:54.429" endtime="20200827 11:26:57.085"></status>
</kw>
<kw name="Maximize Browser Window" library="SeleniumLibrary">
<doc>Maximizes current browser window.</doc>
<status status="PASS" starttime="20200827 11:26:57.085" endtime="20200827 11:26:57.236"></status>
</kw>
<status status="PASS" starttime="20200827 11:26:54.429" endtime="20200827 11:26:57.237"></status>
</kw>
<test id="s1-s1-t1" name="User should be able to Land on Book details Page">
<kw name="Given User is allowed to Open India Bookstore" library="instructions">
<kw name="Go To" library="SeleniumLibrary">
<doc>Navigates the current browser window to the provided ``url``.</doc>
<arguments>
<arg>${url_books}</arg>
</arguments>
<msg timestamp="20200827 11:26:57.239" level="INFO">Opening url 'https://www.indiabookstore.net/'</msg>
<status status="PASS" starttime="20200827 11:26:57.239" endtime="20200827 11:27:00.116"></status>
</kw>
<kw name="Verify WebPage title" library="instructions">
<arguments>
<arg>${Expected_homePage}</arg>
</arguments>
<kw name="Wait Until Page Contains" library="SeleniumLibrary">
<doc>Waits until ``text`` appears on the current page.</doc>
<arguments>
<arg>${title_name}</arg>
</arguments>
<status status="PASS" starttime="20200827 11:27:00.116" endtime="20200827 11:27:00.131"></status>
</kw>
<kw name="Log To Console" library="BuiltIn">
<doc>Logs the given message to the console.</doc>
<arguments>
<arg>${title_name}</arg>
</arguments>
<status status="PASS" starttime="20200827 11:27:00.131" endtime="20200827 11:27:00.131"></status>
</kw>
<status status="PASS" starttime="20200827 11:27:00.116" endtime="20200827 11:27:00.132"></status>
</kw>
<kw name="Execute Javascript" library="SeleniumLibrary">
<doc>Executes the given JavaScript code with possible arguments.</doc>
<arguments>
<arg>window.scrollTo(0, 500)</arg>
</arguments>
<msg timestamp="20200827 11:27:00.132" level="INFO">Executing JavaScript:
window.scrollTo(0, 500)
Without any arguments.</msg>
<status status="PASS" starttime="20200827 11:27:00.132" endtime="20200827 11:27:00.137"></status>
</kw>
<status status="PASS" starttime="20200827 11:26:57.238" endtime="20200827 11:27:00.137"></status>
</kw>
<kw name="When User Navigate to Category &quot;Computing and Internet&quot;" library="instructions">
<kw name="Get Element Count" library="SeleniumLibrary">
<doc>Returns the number of elements matching ``locator``.</doc>
<arguments>
<arg>xpath=//*[@id="leftNavContainer"]/ul/li</arg>
</arguments>
<assign>
<var>${category_count}</var>
</assign>
<msg timestamp="20200827 11:27:00.149" level="INFO">${category_count} = 21</msg>
<status status="PASS" starttime="20200827 11:27:00.138" endtime="20200827 11:27:00.149"></status>
</kw>
<kw name="Sleep" library="BuiltIn">
<doc>Pauses the test executed for the given time.</doc>
<arguments>
<arg>3s</arg>
</arguments>
<msg timestamp="20200827 11:27:03.150" level="INFO">Slept 3 seconds</msg>
<status status="PASS" starttime="20200827 11:27:00.149" endtime="20200827 11:27:03.150"></status>
</kw>
<kw name="${i} IN RANGE [ 1 | ${category_count} ]" type="for">
<kw name="${i} = 1" type="foritem">
<kw name="Get Text" library="SeleniumLibrary">
<doc>Returns the text value of the element identified by ``locator``.</doc>
<arguments>
<arg>xpath=//*[@id="leftNavContainer"]/ul/li[${i}]/a</arg>
</arguments>
<assign>
<var>${dynamic_categ_name}</var>
</assign>
<msg timestamp="20200827 11:27:03.191" level="INFO">${dynamic_categ_name} = Academic</msg>
<status status="PASS" starttime="20200827 11:27:03.151" endtime="20200827 11:27:03.191"></status>
</kw>
<kw name="Scroll Element Into View" library="SeleniumLibrary">
<doc>Scrolls the element identified by ``locator`` into view.</doc>
<arguments>
<arg>xpath=//*[@id="leftNavContainer"]/ul/li[${i}]/a</arg>
</arguments>
<status status="PASS" starttime="20200827 11:27:03.191" endtime="20200827 11:27:03.475"></status>
</kw>
<kw name="Exit For Loop If" library="BuiltIn">
<doc>Stops executing the enclosing for loop if the ``condition`` is true.</doc>
<arguments>
<arg>"${dynamic_categ_name}" == "${Expected_category}"</arg>
</arguments>
<status status="PASS" starttime="20200827 11:27:03.475" endtime="20200827 11:27:03.476"></status>
</kw>
<status status="PASS" starttime="20200827 11:27:03.151" endtime="20200827 11:27:03.476"></status>
</kw>
<kw name="${i} = 2" type="foritem">
<kw name="Get Text" library="SeleniumLibrary">
<doc>Returns the text value of the element identified by ``locator``.</doc>
<arguments>
<arg>xpath=//*[@id="leftNavContainer"]/ul/li[${i}]/a</arg>
</arguments>
<assign>
<var>${dynamic_categ_name}</var>
</assign>
<msg timestamp="20200827 11:27:03.499" level="INFO">${dynamic_categ_name} = Action &amp; Adventure</msg>
<status status="PASS" starttime="20200827 11:27:03.476" endtime="20200827 11:27:03.499"></status>
</kw>
<kw name="Scroll Element Into View" library="SeleniumLibrary">
<doc>Scrolls the element identified by ``locator`` into view.</doc>
<arguments>
<arg>xpath=//*[@id="leftNavContainer"]/ul/li[${i}]/a</arg>
</arguments>
<status status="PASS" starttime="20200827 11:27:03.500" endtime="20200827 11:27:03.765"></status>
</kw>
<kw name="Exit For Loop If" library="BuiltIn">
<doc>Stops executing the enclosing for loop if the ``condition`` is true.</doc>
<arguments>
<arg>"${dynamic_categ_name}" == "${Expected_category}"</arg>
</arguments>
<status status="PASS" starttime="20200827 11:27:03.765" endtime="20200827 11:27:03.766"></status>
</kw>
<status status="PASS" starttime="20200827 11:27:03.476" endtime="20200827 11:27:03.766"></status>
</kw>
<kw name="${i} = 3" type="foritem">
<kw name="Get Text" library="SeleniumLibrary">
<doc>Returns the text value of the element identified by ``locator``.</doc>
<arguments>
<arg>xpath=//*[@id="leftNavContainer"]/ul/li[${i}]/a</arg>
</arguments>
<assign>
<var>${dynamic_categ_name}</var>
</assign>
<msg timestamp="20200827 11:27:03.790" level="INFO">${dynamic_categ_name} = Biographies &amp; True Accounts</msg>
<status status="PASS" starttime="20200827 11:27:03.767" endtime="20200827 11:27:03.790"></status>
</kw>
<kw name="Scroll Element Into View" library="SeleniumLibrary">
<doc>Scrolls the element identified by ``locator`` into view.</doc>
<arguments>
<arg>xpath=//*[@id="leftNavContainer"]/ul/li[${i}]/a</arg>
</arguments>
<status status="PASS" starttime="20200827 11:27:03.790" endtime="20200827 11:27:04.055"></status>
</kw>
<kw name="Exit For Loop If" library="BuiltIn">
<doc>Stops executing the enclosing for loop if the ``condition`` is true.</doc>
<arguments>
<arg>"${dynamic_categ_name}" == "${Expected_category}"</arg>
</arguments>
<status status="PASS" starttime="20200827 11:27:04.055" endtime="20200827 11:27:04.056"></status>
</kw>
<status status="PASS" starttime="20200827 11:27:03.766" endtime="20200827 11:27:04.056"></status>
</kw>
<kw name="${i} = 4" type="foritem">
<kw name="Get Text" library="SeleniumLibrary">
<doc>Returns the text value of the element identified by ``locator``.</doc>
<arguments>
<arg>xpath=//*[@id="leftNavContainer"]/ul/li[${i}]/a</arg>
</arguments>
<assign>
<var>${dynamic_categ_name}</var>
</assign>
<msg timestamp="20200827 11:27:04.078" level="INFO">${dynamic_categ_name} = Business, Investing and Management</msg>
<status status="PASS" starttime="20200827 11:27:04.056" endtime="20200827 11:27:04.078"></status>
</kw>
<kw name="Scroll Element Into View" library="SeleniumLibrary">
<doc>Scrolls the element identified by ``locator`` into view.</doc>
<arguments>
<arg>xpath=//*[@id="leftNavContainer"]/ul/li[${i}]/a</arg>
</arguments>
<status status="PASS" starttime="20200827 11:27:04.078" endtime="20200827 11:27:04.344"></status>
</kw>
<kw name="Exit For Loop If" library="BuiltIn">
<doc>Stops executing the enclosing for loop if the ``condition`` is true.</doc>
<arguments>
<arg>"${dynamic_categ_name}" == "${Expected_category}"</arg>
</arguments>
<status status="PASS" starttime="20200827 11:27:04.344" endtime="20200827 11:27:04.345"></status>
</kw>
<status status="PASS" starttime="20200827 11:27:04.056" endtime="20200827 11:27:04.345"></status>
</kw>
<kw name="${i} = 5" type="foritem">
<kw name="Get Text" library="SeleniumLibrary">
<doc>Returns the text value of the element identified by ``locator``.</doc>
<arguments>
<arg>xpath=//*[@id="leftNavContainer"]/ul/li[${i}]/a</arg>
</arguments>
<assign>
<var>${dynamic_categ_name}</var>
</assign>
<msg timestamp="20200827 11:27:04.367" level="INFO">${dynamic_categ_name} = Children's Books</msg>
<status status="PASS" starttime="20200827 11:27:04.345" endtime="20200827 11:27:04.367"></status>
</kw>
<kw name="Scroll Element Into View" library="SeleniumLibrary">
<doc>Scrolls the element identified by ``locator`` into view.</doc>
<arguments>
<arg>xpath=//*[@id="leftNavContainer"]/ul/li[${i}]/a</arg>
</arguments>
<status status="PASS" starttime="20200827 11:27:04.367" endtime="20200827 11:27:04.633"></status>
</kw>
<kw name="Exit For Loop If" library="BuiltIn">
<doc>Stops executing the enclosing for loop if the ``condition`` is true.</doc>
<arguments>
<arg>"${dynamic_categ_name}" == "${Expected_category}"</arg>
</arguments>
<status status="PASS" starttime="20200827 11:27:04.633" endtime="20200827 11:27:04.634"></status>
</kw>
<status status="PASS" starttime="20200827 11:27:04.345" endtime="20200827 11:27:04.634"></status>
</kw>
<kw name="${i} = 6" type="foritem">
<kw name="Get Text" library="SeleniumLibrary">
<doc>Returns the text value of the element identified by ``locator``.</doc>
<arguments>
<arg>xpath=//*[@id="leftNavContainer"]/ul/li[${i}]/a</arg>
</arguments>
<assign>
<var>${dynamic_categ_name}</var>
</assign>
<msg timestamp="20200827 11:27:04.656" level="INFO">${dynamic_categ_name} = Comics &amp; Manga</msg>
<status status="PASS" starttime="20200827 11:27:04.634" endtime="20200827 11:27:04.656"></status>
</kw>
<kw name="Scroll Element Into View" library="SeleniumLibrary">
<doc>Scrolls the element identified by ``locator`` into view.</doc>
<arguments>
<arg>xpath=//*[@id="leftNavContainer"]/ul/li[${i}]/a</arg>
</arguments>
<status status="PASS" starttime="20200827 11:27:04.656" endtime="20200827 11:27:04.922"></status>
</kw>
<kw name="Exit For Loop If" library="BuiltIn">
<doc>Stops executing the enclosing for loop if the ``condition`` is true.</doc>
<arguments>
<arg>"${dynamic_categ_name}" == "${Expected_category}"</arg>
</arguments>
<status status="PASS" starttime="20200827 11:27:04.922" endtime="20200827 11:27:04.923"></status>
</kw>
<status status="PASS" starttime="20200827 11:27:04.634" endtime="20200827 11:27:04.923"></status>
</kw>
<kw name="${i} = 7" type="foritem">
<kw name="Get Text" library="SeleniumLibrary">
<doc>Returns the text value of the element identified by ``locator``.</doc>
<arguments>
<arg>xpath=//*[@id="leftNavContainer"]/ul/li[${i}]/a</arg>
</arguments>
<assign>
<var>${dynamic_categ_name}</var>
</assign>
<msg timestamp="20200827 11:27:04.945" level="INFO">${dynamic_categ_name} = Computing &amp; Internet</msg>
<status status="PASS" starttime="20200827 11:27:04.923" endtime="20200827 11:27:04.945"></status>
</kw>
<kw name="Scroll Element Into View" library="SeleniumLibrary">
<doc>Scrolls the element identified by ``locator`` into view.</doc>
<arguments>
<arg>xpath=//*[@id="leftNavContainer"]/ul/li[${i}]/a</arg>
</arguments>
<status status="PASS" starttime="20200827 11:27:04.945" endtime="20200827 11:27:05.224"></status>
</kw>
<kw name="Exit For Loop If" library="BuiltIn">
<doc>Stops executing the enclosing for loop if the ``condition`` is true.</doc>
<arguments>
<arg>"${dynamic_categ_name}" == "${Expected_category}"</arg>
</arguments>
<msg timestamp="20200827 11:27:05.224" level="INFO">Exiting for loop altogether.</msg>
<status status="PASS" starttime="20200827 11:27:05.224" endtime="20200827 11:27:05.225"></status>
</kw>
<status status="PASS" starttime="20200827 11:27:04.923" endtime="20200827 11:27:05.225"></status>
</kw>
<status status="PASS" starttime="20200827 11:27:03.151" endtime="20200827 11:27:05.225"></status>
</kw>
<kw name="Set Test Variable" library="BuiltIn">
<doc>Makes a variable available everywhere within the scope of the current test.</doc>
<arguments>
<arg>${static_categ_name}</arg>
<arg>xpath=//*[@id="leftNavContainer"]/ul/li[${i}]/a</arg>
</arguments>
<msg timestamp="20200827 11:27:05.226" level="INFO">${static_categ_name} = xpath=//*[@id="leftNavContainer"]/ul/li[7]/a</msg>
<status status="PASS" starttime="20200827 11:27:05.225" endtime="20200827 11:27:05.226"></status>
</kw>
<status status="PASS" starttime="20200827 11:27:00.137" endtime="20200827 11:27:05.226"></status>
</kw>
<kw name="And User Clicks on &quot;Digital Media and Internet&quot; Sub Section" library="instructions">
<kw name="Mouse Over" library="SeleniumLibrary">
<doc>Simulates hovering the mouse over the element ``locator``.</doc>
<arguments>
<arg>${static_categ_name}</arg>
</arguments>
<msg timestamp="20200827 11:27:05.227" level="INFO">Simulating Mouse Over on element 'xpath=//*[@id="leftNavContainer"]/ul/li[7]/a'.</msg>
<status status="PASS" starttime="20200827 11:27:05.227" endtime="20200827 11:27:05.492"></status>
</kw>
<kw name="Sleep" library="BuiltIn">
<doc>Pauses the test executed for the given time.</doc>
<arguments>
<arg>1s</arg>
</arguments>
<msg timestamp="20200827 11:27:06.494" level="INFO">Slept 1 second</msg>
<status status="PASS" starttime="20200827 11:27:05.493" endtime="20200827 11:27:06.494"></status>
</kw>
<kw name="Mouse Over" library="SeleniumLibrary">
<doc>Simulates hovering the mouse over the element ``locator``.</doc>
<arguments>
<arg>${Digital_Media}</arg>
</arguments>
<msg timestamp="20200827 11:27:06.494" level="INFO">Simulating Mouse Over on element 'xpath=//*[@id="leftNavContainer"]/ul/li[7]/ul/li[2]'.</msg>
<kw name="Capture Page Screenshot" library="SeleniumLibrary">
<doc>Takes a screenshot of the current page and embeds it into a log file.</doc>
<msg timestamp="20200827 11:27:07.264" level="INFO" html="yes">&lt;/td&gt;&lt;/tr&gt;&lt;tr&gt;&lt;td colspan="3"&gt;&lt;a href="selenium-screenshot-1.png"&gt;&lt;img src="selenium-screenshot-1.png" width="800px"&gt;&lt;/a&gt;</msg>
<status status="PASS" starttime="20200827 11:27:06.512" endtime="20200827 11:27:07.264"></status>
</kw>
<msg timestamp="20200827 11:27:07.273" level="FAIL">JavascriptException: Message: javascript error: Failed to execute 'elementsFromPoint' on 'Document': The provided double value is non-finite.
  (Session info: chrome=84.0.4147.135)
</msg>
<status status="FAIL" starttime="20200827 11:27:06.494" endtime="20200827 11:27:07.274"></status>
</kw>
<status status="FAIL" starttime="20200827 11:27:05.227" endtime="20200827 11:27:07.274"></status>
</kw>
<tags>
<tag>sanity</tag>
</tags>
<status status="FAIL" starttime="20200827 11:26:57.237" endtime="20200827 11:27:07.274" critical="yes">JavascriptException: Message: javascript error: Failed to execute 'elementsFromPoint' on 'Document': The provided double value is non-finite.
  (Session info: chrome=84.0.4147.135)
</status>
</test>
<kw name="Close web Browser" library="instructions" type="teardown">
<kw name="Close Browser" library="SeleniumLibrary">
<doc>Closes the current browser.</doc>
<status status="PASS" starttime="20200827 11:27:07.276" endtime="20200827 11:27:07.367"></status>
</kw>
<status status="PASS" starttime="20200827 11:27:07.276" endtime="20200827 11:27:07.367"></status>
</kw>
<status status="FAIL" starttime="20200827 11:26:54.261" endtime="20200827 11:27:07.367"></status>
</suite>
<status status="FAIL" starttime="20200827 11:26:54.238" endtime="20200827 11:27:07.369"></status>
</suite>
<statistics>
<total>
<stat pass="0" fail="1">Critical Tests</stat>
<stat pass="0" fail="1">All Tests</stat>
</total>
<tag>
<stat pass="0" fail="1">sanity</stat>
</tag>
<suite>
<stat pass="0" fail="1" id="s1" name="TestsBook">TestsBook</stat>
<stat pass="0" fail="1" id="s1-s1" name="TestCases">TestsBook.TestCases</stat>
</suite>
</statistics>
<errors>
</errors>
</robot>
